Build started 8/19/2013 4:45:45 PM.
     1>Project "C:\Users\Xable\Google Drive\MMF2 Extensions\Xable Session Timer\Extensions\Template\Template.vcxproj" on node 2 (Build target(s)).
     1>ClCompile:
         C:\Program Files (x86)\Microsoft Visual Studio 11.0\VC\bin\CL.exe /c /I..\..\Inc /I.\ /Zi /nologo /W3 /WX- /O1 /Ob1 /Oy- /D HWABETA /D COXSDK /D IN_EXT_VERSION2 /D _CRT_SECURE_NO_WARNINGS /D _CRT_SECURE_NO_DEPRECATE /D _WINDOWS /D EDITOR /D _WINDLL /GF /Gm- /EHsc /MT /GS /Gy /fp:precise /Zc:wchar_t /Zc:forScope /GR /Fo"Edittime HWA\\" /Fd"Edittime HWA\vc110.pdb" /Gd /TP /analyze- /errorReport:prompt Conditions.cpp
         Conditions.cpp
         C:\Program Files (x86)\Microsoft Visual Studio 11.0\VC\bin\CL.exe /c /I..\..\Inc /I.\ /Zi /nologo /W3 /WX- /O1 /Ob1 /Oy- /D HWABETA /D COXSDK /D IN_EXT_VERSION2 /D _CRT_SECURE_NO_WARNINGS /D _CRT_SECURE_NO_DEPRECATE /D _WINDOWS /D EDITOR /D _WINDLL /GF /Gm- /EHsc /MT /GS /Gy /fp:precise /Zc:wchar_t /Zc:forScope /GR /Fo"Edittime HWA\\" /Fd"Edittime HWA\vc110.pdb" /Gd /TC /analyze- /errorReport:prompt ..\..\Lib\json.c
         json.c
       ResourceCompile:
         C:\Program Files (x86)\Windows Kits\8.0\bin\x86\rc.exe /D NDEBUG /D EDITOR /l"0x0409" /I..\..\Inc /nologo /fo"Edittime HWA\Ext.res" Ext.rc 
     1>C:\Program Files (x86)\MSBuild\Microsoft.Cpp\v4.0\V110\Microsoft.CppBuild.targets(1137,5): warning MSB8012: TargetPath(C:\Users\Xable\Google Drive\MMF2 Extensions\Xable Session Timer\Extensions\Template\Edittime HWA\Xable Session Object.mfx) does not match the Linker's OutputFile property value (C:\Users\Xable\Google Drive\MMF2 Extensions\Xable Session Timer\Extensions\Template\MFX\Extensions\HWA\Xable Session Object.mfx). This may cause your project to build incorrectly. To correct this, please make sure that $(OutDir), $(TargetName) and $(TargetExt) property values match the value specified in %(Link.OutputFile).
       Link:
         C:\Program Files (x86)\Microsoft Visual Studio 11.0\VC\bin\link.exe /ERRORREPORT:PROMPT /OUT:"C:\Users\Xable\Google Drive\MMF2 Extensions\Xable Session Timer\Extensions\Template\\MFX\Extensions\HWA\Xable Session Object.mfx" /INCREMENTAL:NO /NOLOGO kernel32.lib user32.lib gdi32.lib winspool.lib comdlg32.lib advapi32.lib shell32.lib ole32.lib oleaut32.lib uuid.lib ..\..\lib\mmfs2.lib kernel32.lib user32.lib gdi32.lib winspool.lib comdlg32.lib advapi32.lib shell32.lib ole32.lib oleaut32.lib uuid.lib odbc32.lib odbccp32.lib /DEF:".\Ext.def" /MANIFEST:NO /PDB:"Edittime HWA\Template.pdb" /TLBID:1 /DYNAMICBASE:NO /IMPLIB:"Edittime HWA\Template.lib" /MACHINE:X86 /SAFESEH /DLL "Edittime HWA\Ext.res"
         "Edittime HWA\CustomParams.obj"
         "Edittime HWA\Edittime.obj"
         "Edittime HWA\Properties.obj"
         "Edittime HWA\TextProps.obj"
         "Edittime HWA\General.obj"
         "Edittime HWA\Debugger.obj"
         "Edittime HWA\Runtime.obj"
         "Edittime HWA\Text.obj"
         "Edittime HWA\Actions.obj"
         "Edittime HWA\Conditions.obj"
         "Edittime HWA\Expressions.obj"
         "Edittime HWA\Extension.obj"
         "Edittime HWA\Edif.obj"
         "Edittime HWA\Edif.Edittime.obj"
         "Edittime HWA\Edif.General.obj"
         "Edittime HWA\Edif.Runtime.obj"
         "Edittime HWA\json.obj"
         "Edittime HWA\ObjectSelection.obj"
            Creating library Edittime HWA\Template.lib and object Edittime HWA\Template.exp
         Template.vcxproj -> C:\Users\Xable\Google Drive\MMF2 Extensions\Xable Session Timer\Extensions\Template\Edittime HWA\Xable Session Object.mfx
       PostBuildEvent:
         ..\AutoInstall.bat C:\Users\Xable\Google Drive\MMF2 Extensions\Xable Session Timer\Extensions\Template\Edittime HWA\Xable Session Object.mfx \Extensions\HWA
         :VCEnd
         MFX File: C:\Users\Xable\Google
         MFX Destination: Drive\MMF2
         MMF2 Dev Path: C:\Program Files (x86)\Multimedia Fusion Developer 2
         The system cannot find the file specified.
     1>EXEC : error : The system was unable to find the specified registry key or value.
         You don't have MMF2 Standard
     1>C:\Program Files (x86)\MSBuild\Microsoft.Cpp\v4.0\V110\Microsoft.CppCommon.targets(134,5): error MSB3073: The command "..\AutoInstall.bat C:\Users\Xable\Google Drive\MMF2 Extensions\Xable Session Timer\Extensions\Template\Edittime HWA\Xable Session Object.mfx \Extensions\HWA
C:\Program Files (x86)\MSBuild\Microsoft.Cpp\v4.0\V110\Microsoft.CppCommon.targets(134,5): error MSB3073: :VCEnd" exited with code -1.
     1>Done Building Project "C:\Users\Xable\Google Drive\MMF2 Extensions\Xable Session Timer\Extensions\Template\Template.vcxproj" (Build target(s)) -- FAILED.

Build FAILED.

Time Elapsed 00:00:01.82
